0 info it worked if it ends with ok
1 verbose cli [ 'C:\\Program Files\\nodejs\\node.exe',
1 verbose cli   'C:\\Program Files\\nodejs\\node_modules\\npm\\bin\\npm-cli.js',
1 verbose cli   'start' ]
2 info using npm@3.10.10
3 info using node@v6.11.1
4 verbose run-script [ 'prestart', 'start', 'poststart' ]
5 info lifecycle exorbox@1.0.0~prestart: exorbox@1.0.0
6 silly lifecycle exorbox@1.0.0~prestart: no script for prestart, continuing
7 info lifecycle exorbox@1.0.0~start: exorbox@1.0.0
8 verbose lifecycle exorbox@1.0.0~start: unsafe-perm in lifecycle true
9 verbose lifecycle exorbox@1.0.0~start: PATH: C:\Program Files\nodejs\node_modules\npm\bin\node-gyp-bin;D:\HrWebMarlabs\Interview-Experience-Box\node_modules\.bin;C:\ProgramData\Oracle\Java\javapath;C:\Program Files\nodejs\;C:\Users\Sai\AppData\Roaming\npm;C:\Program Files (x86)\Skype\Phone\;C:\Program Files\Git\cmd;S:\marlabs\ANGULAR 2\marlabs;C:\Users\Sai\AppData\Roaming\npm;C:\Program Files\Microsoft VS Code\bin
10 verbose lifecycle exorbox@1.0.0~start: CWD: D:\HrWebMarlabs\Interview-Experience-Box
11 silly lifecycle exorbox@1.0.0~start: Args: [ '/d /s /c',
11 silly lifecycle   ' cd client && ng build && cd.. && nodemon index.js' ]
12 silly lifecycle exorbox@1.0.0~start: Returned: code: 1  signal: null
13 info lifecycle exorbox@1.0.0~start: Failed to exec start script
14 verbose stack Error: exorbox@1.0.0 start: ` cd client && ng build && cd.. && nodemon index.js`
14 verbose stack Exit status 1
14 verbose stack     at EventEmitter.<anonymous> (C:\Program Files\nodejs\node_modules\npm\lib\utils\lifecycle.js:255:16)
14 verbose stack     at emitTwo (events.js:106:13)
14 verbose stack     at EventEmitter.emit (events.js:191:7)
14 verbose stack     at ChildProcess.<anonymous> (C:\Program Files\nodejs\node_modules\npm\lib\utils\spawn.js:40:14)
14 verbose stack     at emitTwo (events.js:106:13)
14 verbose stack     at ChildProcess.emit (events.js:191:7)
14 verbose stack     at maybeClose (internal/child_process.js:891:16)
14 verbose stack     at Process.ChildProcess._handle.onexit (internal/child_process.js:226:5)
15 verbose pkgid exorbox@1.0.0
16 verbose cwd D:\HrWebMarlabs\Interview-Experience-Box
17 error Windows_NT 6.1.7601
18 error argv "C:\\Program Files\\nodejs\\node.exe" "C:\\Program Files\\nodejs\\node_modules\\npm\\bin\\npm-cli.js" "start"
19 error node v6.11.1
20 error npm  v3.10.10
21 error code ELIFECYCLE
22 error exorbox@1.0.0 start: ` cd client && ng build && cd.. && nodemon index.js`
22 error Exit status 1
23 error Failed at the exorbox@1.0.0 start script ' cd client && ng build && cd.. && nodemon index.js'.
23 error Make sure you have the latest version of node.js and npm installed.
23 error If you do, this is most likely a problem with the exorbox package,
23 error not with npm itself.
23 error Tell the author that this fails on your system:
23 error      cd client && ng build && cd.. && nodemon index.js
23 error You can get information on how to open an issue for this project with:
23 error     npm bugs exorbox
23 error Or if that isn't available, you can get their info via:
23 error     npm owner ls exorbox
23 error There is likely additional logging output above.
24 verbose exit [ 1, true ]
